<?xml version="1.0" encoding="UTF-8"?>
<testsuite name="CalendarsControllerTest" tests="7" time="0.129579" failures="0" errors="0" skipped="0" assertions="10" timestamp="2016-04-27T00:59:15+02:00">
  <testcase name="test_should_get_index" time="0.05105369700322626" assertions="2">
  </testcase>
  <testcase name="test_should_create_calendar" time="0.011474552004074212" assertions="3">
  </testcase>
  <testcase name="test_should_get_edit" time="0.028013124996505212" assertions="1">
  </testcase>
  <testcase name="test_should_destroy_calendar" time="0.0031295930020860396" assertions="0">
  </testcase>
  <testcase name="test_should_get_new" time="0.0326840190027724" assertions="1">
  </testcase>
  <testcase name="test_should_show_calendar" time="0.03660303899960127" assertions="1">
  </testcase>
  <testcase name="test_should_update_calendar" time="0.015216359999612905" assertions="2">
  </testcase>
</testsuite>
