<?xml version="1.0" encoding="UTF-8"?>
<testsuite name="UserTest" tests="2" time="0.072061" failures="0" errors="0" skipped="0" assertions="2" timestamp="2016-04-27T13:44:57+02:00">
  <testcase name="test_name_should_be_present" time="0.017787945005693473" assertions="1">
  </testcase>
  <testcase name="test_should_be_valid" time="0.0069565750018227845" assertions="1">
  </testcase>
</testsuite>
