<?xml version="1.0" encoding="UTF-8"?>
<testsuite name="EventsControllerTest" tests="7" time="0.121391" failures="0" errors="0" skipped="0" assertions="13" timestamp="2016-04-26T01:48:29+02:00">
  <testcase name="test_should_create_event" time="0.024801888001093175" assertions="3">
  </testcase>
  <testcase name="test_should_show_event" time="0.02139297599933343" assertions="1">
  </testcase>
  <testcase name="test_should_get_edit" time="0.028525649002403952" assertions="1">
  </testcase>
  <testcase name="test_should_update_event" time="0.009025347004353534" assertions="2">
  </testcase>
  <testcase name="test_should_get_new" time="0.027567062999878544" assertions="1">
  </testcase>
  <testcase name="test_should_get_index" time="0.015461997005331796" assertions="2">
  </testcase>
  <testcase name="test_should_destroy_event" time="0.007132729995646514" assertions="3">
  </testcase>
</testsuite>
