<?xml version="1.0" encoding="UTF-8"?>
<testsuite name="UsersControllerTest" tests="7" time="0.337252" failures="2" errors="0" skipped="0" assertions="7" timestamp="2016-04-27T00:59:14+02:00">
  <testcase name="test_should_get_index" time="0.042897687999357004" assertions="2">
  </testcase>
  <testcase name="test_should_show_user" time="0.025535587999911513" assertions="1">
  </testcase>
  <testcase name="test_should_create_user" time="0.15044180299446452" assertions="1">
    <failure type="Minitest::Assertion" message="&quot;User.count&quot; didn't change by 1....">
"User.count" didn't change by 1.
Expected: 3
  Actual: 2 (Minitest::Assertion)
/Users/dominik/RubymineProjects/StudentPlanner/test/controllers/users_controller_test.rb:20    </failure>
  </testcase>
  <testcase name="test_should_get_edit" time="0.04157428700273158" assertions="1">
  </testcase>
  <testcase name="test_should_get_new" time="0.011809128998720553" assertions="1">
  </testcase>
  <testcase name="test_should_update_user" time="0.05062235800141934" assertions="1">
    <failure type="Minitest::Assertion" message="Expected response to be a &lt;redirect&gt;, but was &lt;200&gt;">
Expected response to be a &lt;redirect&gt;, but was &lt;200&gt; (Minitest::Assertion)
/Users/dominik/RubymineProjects/StudentPlanner/test/controllers/users_controller_test.rb:39    </failure>
  </testcase>
  <testcase name="test_should_destroy_user" time="0.004628342001524288" assertions="0">
  </testcase>
</testsuite>
