<?xml version="1.0" encoding="UTF-8"?>
<testsuite name="UserTest" tests="2" time="0.059015" failures="0" errors="0" skipped="0" assertions="2" timestamp="2016-04-27T00:59:14+02:00">
  <testcase name="test_name_should_be_present" time="0.05594365699653281" assertions="1">
  </testcase>
  <testcase name="test_should_be_valid" time="0.004811847997189034" assertions="1">
  </testcase>
</testsuite>
