<?xml version="1.0" encoding="UTF-8"?>
<testsuite name="SessionsControllerTest" tests="1" time="0.147169" failures="0" errors="0" skipped="0" assertions="1" timestamp="2016-04-26T01:48:28+02:00">
  <testcase name="test_should_get_new" time="0.055687876003503334" assertions="1">
  </testcase>
</testsuite>
