<?xml version="1.0" encoding="UTF-8"?>
<testsuite name="CoursesControllerTest" tests="7" time="0.08797" failures="0" errors="0" skipped="0" assertions="13" timestamp="2016-04-27T13:44:57+02:00">
  <testcase name="test_should_get_index" time="0.036641006998252124" assertions="2">
  </testcase>
  <testcase name="test_should_destroy_course" time="0.005426752002676949" assertions="3">
  </testcase>
  <testcase name="test_should_get_edit" time="0.017210814999998547" assertions="1">
  </testcase>
  <testcase name="test_should_create_course" time="0.016562967000936624" assertions="3">
  </testcase>
  <testcase name="test_should_get_new" time="0.021022096996603068" assertions="1">
  </testcase>
  <testcase name="test_should_show_course" time="0.01106905699998606" assertions="1">
  </testcase>
  <testcase name="test_should_update_course" time="0.014053642997168936" assertions="2">
  </testcase>
</testsuite>
