<?xml version="1.0" encoding="UTF-8"?>
<testsuite name="UsersControllerTest" tests="7" time="0.129883" failures="0" errors="0" skipped="0" assertions="5" timestamp="2016-04-27T13:44:57+02:00">
  <testcase name="test_should_show_user" time="0.05397399700450478" assertions="1">
  </testcase>
  <testcase name="test_should_get_index" time="0.01376154700119514" assertions="2">
  </testcase>
  <testcase name="test_should_get_edit" time="0.05100423700059764" assertions="1">
  </testcase>
  <testcase name="test_should_create_user" time="0.0011374050009180792" assertions="0">
  </testcase>
  <testcase name="test_should_get_new" time="0.041638401002273895" assertions="1">
  </testcase>
  <testcase name="test_should_destroy_user" time="0.0015057490018079989" assertions="0">
  </testcase>
  <testcase name="test_should_update_user" time="0.0011566369939828292" assertions="0">
  </testcase>
</testsuite>
