<?xml version="1.0" encoding="UTF-8"?>
<testsuite name="SessionsControllerTest" tests="1" time="0.056524" failures="0" errors="0" skipped="0" assertions="1" timestamp="2016-04-27T13:44:57+02:00">
  <testcase name="test_should_get_new" time="0.05124967700248817" assertions="1">
  </testcase>
</testsuite>
